2025-06-02 01:14:37,561 - INFO - \u2705 Loaded encryption key for secure memory.
2025-06-02 01:16:16,622 - INFO - \u2705 Loaded encryption key for secure memory.
2025-06-02 01:18:21,737 - INFO - \u2705 Loaded encryption key for secure memory.
2025-06-02 01:20:09,637 - INFO - \u2705 Loaded encryption key for secure memory.
2025-06-02 01:22:22,502 - INFO - \u2705 Loaded encryption key for secure memory.
2025-06-02 01:22:45,975 - INFO - Processing input for user: anon_202506020122
2025-06-02 01:22:46,065 - INFO - \u2705 Interaction stored securely for user anon_202506020122.
2025-06-02 01:23:02,178 - INFO - Processing input for user: anon_202506020122
2025-06-02 01:23:02,190 - INFO - \u2705 Interaction stored securely for user anon_202506020122.
2025-06-02 01:23:05,344 - INFO - Processing input for user: anon_202506020122
2025-06-02 01:23:05,360 - INFO - \u2705 Interaction stored securely for user anon_202506020122.
2025-06-02 01:23:05,747 - INFO - Processing input for user: anon_202506020122
2025-06-02 01:23:05,763 - INFO - \u2705 Interaction stored securely for user anon_202506020122.
2025-06-02 01:23:06,114 - INFO - Processing input for user: anon_202506020122
2025-06-02 01:23:06,129 - INFO - \u2705 Interaction stored securely for user anon_202506020122.
2025-06-02 01:23:06,289 - INFO - Processing input for user: anon_202506020122
2025-06-02 01:23:06,327 - INFO - \u2705 Interaction stored securely for user anon_202506020122.
2025-06-02 01:23:06,458 - INFO - Processing input for user: anon_202506020122
2025-06-02 01:23:06,476 - INFO - \u2705 Interaction stored securely for user anon_202506020122.
2025-06-02 01:23:06,707 - INFO - Processing input for user: anon_202506020122
2025-06-02 01:23:06,729 - INFO - \u2705 Interaction stored securely for user anon_202506020122.
2025-06-02 01:23:06,817 - INFO - Processing input for user: anon_202506020122
2025-06-02 01:23:06,836 - INFO - \u2705 Interaction stored securely for user anon_202506020122.
2025-06-02 01:23:06,968 - INFO - Processing input for user: anon_202506020122
2025-06-02 01:23:06,985 - INFO - \u2705 Interaction stored securely for user anon_202506020122.
2025-06-02 01:23:07,109 - INFO - Processing input for user: anon_202506020122
2025-06-02 01:23:07,129 - INFO - \u2705 Interaction stored securely for user anon_202506020122.
2025-06-02 01:23:07,279 - INFO - Processing input for user: anon_202506020122
2025-06-02 01:23:07,296 - INFO - \u2705 Interaction stored securely for user anon_202506020122.
2025-06-02 01:23:07,423 - INFO - Processing input for user: anon_202506020122
2025-06-02 01:23:07,441 - INFO - \u2705 Interaction stored securely for user anon_202506020122.
2025-06-02 01:23:17,860 - INFO - Processing input for user: anon_202506020122
2025-06-02 01:23:17,879 - INFO - \u2705 Interaction stored securely for user anon_202506020122.
2025-06-02 01:23:20,798 - INFO - Processing input for user: anon_202506020122
2025-06-02 01:23:20,815 - INFO - \u2705 Interaction stored securely for user anon_202506020122.
2025-06-02 01:23:22,742 - INFO - Processing input for user: anon_202506020122
2025-06-02 01:23:22,760 - INFO - \u2705 Interaction stored securely for user anon_202506020122.
2025-06-02 01:23:24,892 - INFO - Processing input for user: anon_202506020122
2025-06-02 01:23:24,915 - INFO - \u2705 Interaction stored securely for user anon_202506020122.
2025-06-02 01:23:26,508 - INFO - Processing input for user: anon_202506020122
2025-06-02 01:23:26,525 - INFO - \u2705 Interaction stored securely for user anon_202506020122.
2025-06-02 01:23:40,895 - INFO - Processing input for user: anon_202506020122
2025-06-02 01:23:40,909 - INFO - \u2705 Interaction stored securely for user anon_202506020122.
2025-06-02 01:26:31,074 - INFO - \u2705 Loaded encryption key for secure memory.
2025-06-02 01:26:42,172 - INFO - Processing input for user: anon_202506020126
2025-06-02 01:26:42,271 - INFO - \u2705 Interaction stored securely for user anon_202506020126.
2025-06-02 01:26:52,803 - INFO - Processing input for user: anon_202506020126
2025-06-02 01:26:52,823 - INFO - \u2705 Interaction stored securely for user anon_202506020126.
2025-06-02 01:26:53,755 - INFO - Processing input for user: anon_202506020126
2025-06-02 01:26:53,777 - INFO - \u2705 Interaction stored securely for user anon_202506020126.
2025-06-02 01:26:53,929 - INFO - Processing input for user: anon_202506020126
2025-06-02 01:26:53,937 - INFO - \u2705 Interaction stored securely for user anon_202506020126.
2025-06-02 01:26:54,069 - INFO - Processing input for user: anon_202506020126
2025-06-02 01:26:54,092 - INFO - \u2705 Interaction stored securely for user anon_202506020126.
2025-06-02 01:26:54,421 - INFO - Processing input for user: anon_202506020126
2025-06-02 01:26:54,437 - INFO - \u2705 Interaction stored securely for user anon_202506020126.
2025-06-02 01:26:54,541 - INFO - Processing input for user: anon_202506020126
2025-06-02 01:26:54,558 - INFO - \u2705 Interaction stored securely for user anon_202506020126.
2025-06-02 01:26:54,705 - INFO - Processing input for user: anon_202506020126
2025-06-02 01:26:54,730 - INFO - \u2705 Interaction stored securely for user anon_202506020126.
2025-06-02 01:26:54,869 - INFO - Processing input for user: anon_202506020126
2025-06-02 01:26:54,891 - INFO - \u2705 Interaction stored securely for user anon_202506020126.
2025-06-02 01:26:55,040 - INFO - Processing input for user: anon_202506020126
2025-06-02 01:26:55,058 - INFO - \u2705 Interaction stored securely for user anon_202506020126.
2025-06-02 01:26:55,202 - INFO - Processing input for user: anon_202506020126
2025-06-02 01:26:55,236 - INFO - \u2705 Interaction stored securely for user anon_202506020126.
2025-06-02 01:26:55,383 - INFO - Processing input for user: anon_202506020126
2025-06-02 01:26:55,400 - INFO - \u2705 Interaction stored securely for user anon_202506020126.
2025-06-02 01:26:55,567 - INFO - Processing input for user: anon_202506020126
2025-06-02 01:26:55,589 - INFO - \u2705 Interaction stored securely for user anon_202506020126.
2025-06-02 01:26:55,726 - INFO - Processing input for user: anon_202506020126
2025-06-02 01:26:55,744 - INFO - \u2705 Interaction stored securely for user anon_202506020126.
2025-06-02 01:26:55,949 - INFO - Processing input for user: anon_202506020126
2025-06-02 01:26:55,954 - INFO - \u2705 Interaction stored securely for user anon_202506020126.
2025-06-02 01:26:56,078 - INFO - Processing input for user: anon_202506020126
2025-06-02 01:26:56,098 - INFO - \u2705 Interaction stored securely for user anon_202506020126.
2025-06-02 01:28:35,058 - INFO - \u2705 Loaded encryption key for secure memory.
2025-06-02 01:28:35,089 - INFO - Processing input for user: anon_202506020126
2025-06-02 01:28:35,121 - INFO - \u2705 Interaction stored securely for user anon_202506020126.
2025-06-02 01:28:36,286 - INFO - Processing input for user: anon_202506020126
2025-06-02 01:28:36,305 - INFO - \u2705 Interaction stored securely for user anon_202506020126.
2025-06-02 01:28:36,556 - INFO - Processing input for user: anon_202506020126
2025-06-02 01:28:36,569 - INFO - \u2705 Interaction stored securely for user anon_202506020126.
2025-06-02 01:28:36,656 - INFO - Processing input for user: anon_202506020126
2025-06-02 01:28:36,674 - INFO - \u2705 Interaction stored securely for user anon_202506020126.
2025-06-02 01:28:36,777 - INFO - Processing input for user: anon_202506020126
2025-06-02 01:28:36,807 - INFO - \u2705 Interaction stored securely for user anon_202506020126.
2025-06-02 01:43:57,531 - WARNING - From C:\Users\AHT786\AppData\Local\Programs\Python\Python310\lib\site-packages\keras\src\backend\common\global_state.py:82: The name tf.reset_default_graph is deprecated. Please use tf.compat.v1.reset_default_graph instead.

2025-06-02 01:57:18,327 - WARNING - From C:\Users\AHT786\AppData\Local\Programs\Python\Python310\lib\site-packages\keras\losses.py:2674: The name tf.losses.sparse_softmax_cross_entropy is deprecated. Please use tf.compat.v1.losses.sparse_softmax_cross_entropy instead.

2025-06-02 01:58:56,493 - WARNING - From C:\Users\AHT786\AppData\Local\Programs\Python\Python310\lib\site-packages\keras\losses.py:2674: The name tf.losses.sparse_softmax_cross_entropy is deprecated. Please use tf.compat.v1.losses.sparse_softmax_cross_entropy instead.

2025-06-02 02:01:47,773 - INFO - \u2705 Loaded encryption key for secure memory.
2025-06-02 02:02:54,379 - INFO - Processing input for user: anon_202506020201
2025-06-02 02:02:54,772 - INFO - \u2705 Interaction stored securely for user anon_202506020201.
2025-06-02 03:29:27,121 - WARNING - From C:\Users\AHT786\AppData\Local\Programs\Python\Python310\lib\site-packages\keras\losses.py:2674: The name tf.losses.sparse_softmax_cross_entropy is deprecated. Please use tf.compat.v1.losses.sparse_softmax_cross_entropy instead.

2025-06-02 03:29:31,182 - INFO - \u2705 Loaded encryption key for secure memory.
2025-06-02 03:36:27,749 - INFO - Processing input for user: anon_202506020329
2025-06-02 03:36:28,097 - INFO - \u2705 Interaction stored securely for user anon_202506020329.
2025-06-02 11:06:31,031 - WARNING - From C:\Users\AHT786\AppData\Local\Programs\Python\Python310\lib\site-packages\keras\losses.py:2674: The name tf.losses.sparse_softmax_cross_entropy is deprecated. Please use tf.compat.v1.losses.sparse_softmax_cross_entropy instead.

2025-06-02 11:06:34,196 - INFO - \u2705 Loaded encryption key for secure memory.
2025-06-02 11:07:26,312 - INFO - Processing input for user: anon_202506021106
2025-06-02 11:07:26,573 - INFO - \u2705 Interaction stored securely for user anon_202506021106.
2025-06-02 11:08:10,530 - INFO - Processing input for user: anon_202506021106
2025-06-02 11:08:10,664 - INFO - \u2705 Interaction stored securely for user anon_202506021106.
2025-06-02 11:08:23,952 - INFO - Processing input for user: anon_202506021106
2025-06-02 11:08:24,095 - INFO - \u2705 Interaction stored securely for user anon_202506021106.
2025-06-02 11:08:26,416 - INFO - Processing input for user: anon_202506021106
2025-06-02 11:08:26,539 - INFO - \u2705 Interaction stored securely for user anon_202506021106.
2025-06-02 11:08:32,584 - INFO - Processing input for user: anon_202506021106
2025-06-02 11:08:32,728 - INFO - \u2705 Interaction stored securely for user anon_202506021106.
2025-06-02 11:08:39,584 - INFO - Processing input for user: anon_202506021106
2025-06-02 11:08:39,707 - INFO - \u2705 Interaction stored securely for user anon_202506021106.
2025-06-02 11:08:43,935 - INFO - Processing input for user: anon_202506021106
2025-06-02 11:08:44,059 - INFO - \u2705 Interaction stored securely for user anon_202506021106.
2025-06-02 11:14:46,074 - INFO - \u2705 Loaded encryption key for secure memory.
2025-06-02 11:14:46,108 - INFO - Processing input for user: anon_202506021106
2025-06-02 11:14:46,287 - INFO - \u2705 Interaction stored securely for user anon_202506021106.
2025-06-02 11:14:46,690 - INFO - Processing input for user: anon_202506021106
2025-06-02 11:14:46,871 - INFO - \u2705 Interaction stored securely for user anon_202506021106.
2025-06-02 11:14:48,266 - INFO - Processing input for user: anon_202506021106
2025-06-02 11:14:48,407 - INFO - \u2705 Interaction stored securely for user anon_202506021106.
2025-06-02 21:59:22,379 - WARNING - From C:\Users\AHT786\AppData\Local\Programs\Python\Python310\lib\site-packages\keras\losses.py:2674: The name tf.losses.sparse_softmax_cross_entropy is deprecated. Please use tf.compat.v1.losses.sparse_softmax_cross_entropy instead.

2025-06-02 21:59:25,796 - INFO - \u2705 Loaded encryption key for secure memory.
2025-06-02 22:04:40,577 - WARNING - From C:\Users\AHT786\AppData\Local\Programs\Python\Python310\lib\site-packages\keras\losses.py:2674: The name tf.losses.sparse_softmax_cross_entropy is deprecated. Please use tf.compat.v1.losses.sparse_softmax_cross_entropy instead.

2025-06-02 22:04:43,885 - INFO - \u2705 Loaded encryption key for secure memory.
2025-06-02 22:35:06,678 - WARNING - From C:\Users\AHT786\AppData\Local\Programs\Python\Python310\lib\site-packages\keras\losses.py:2674: The name tf.losses.sparse_softmax_cross_entropy is deprecated. Please use tf.compat.v1.losses.sparse_softmax_cross_entropy instead.

2025-06-02 22:35:10,525 - INFO - \u2705 Loaded encryption key for secure memory.
